{"/home/devonwolf/Projects/node-typescript-base/src/types.ts": {"path":"/home/devonwolf/Projects/node-typescript-base/src/types.ts","statementMap":{"0":{"start":{"line":1,"column":0},"end":{"line":1,"column":null}},"1":{"start":{"line":1,"column":34},"end":{"line":1,"column":39}},"2":{"start":{"line":3,"column":0},"end":{"line":3,"column":null}},"3":{"start":{"line":1,"column":13},"end":{"line":1,"column":25}}},"fnMap":{"0":{"name":"(anonymous_6)","decl":{"start":{"line":1,"column":0},"end":{"line":1,"column":13}},"loc":{"start":{"line":1,"column":0},"end":{"line":3,"column":null}}}},"branchMap":{},"s":{"0":1,"1":1,"2":1,"3":1},"f":{"0":3},"b":{}}
,"/home/devonwolf/Projects/node-typescript-base/src/lib/app.ts": {"path":"/home/devonwolf/Projects/node-typescript-base/src/lib/app.ts","statementMap":{"0":{"start":{"line":1,"column":0},"end":{"line":1,"column":30}},"1":{"start":{"line":2,"column":0},"end":{"line":2,"column":74}},"2":{"start":{"line":4,"column":12},"end":{"line":4,"column":21}},"3":{"start":{"line":6,"column":0},"end":{"line":6,"column":24}},"4":{"start":{"line":7,"column":0},"end":{"line":7,"column":49}},"5":{"start":{"line":9,"column":0},"end":{"line":9,"column":24}},"6":{"start":{"line":10,"column":0},"end":{"line":10,"column":21}},"7":{"start":{"line":12,"column":0},"end":{"line":12,"column":19}}},"fnMap":{},"branchMap":{},"s":{"0":1,"1":1,"2":1,"3":1,"4":1,"5":1,"6":1,"7":1},"f":{},"b":{}}
,"/home/devonwolf/Projects/node-typescript-base/src/lib/database/pool.ts": {"path":"/home/devonwolf/Projects/node-typescript-base/src/lib/database/pool.ts","statementMap":{"0":{"start":{"line":1,"column":0},"end":{"line":1,"column":20}},"1":{"start":{"line":3,"column":18},"end":{"line":3,"column":54}},"2":{"start":{"line":5,"column":13},"end":{"line":8,"column":2}},"3":{"start":{"line":10,"column":0},"end":{"line":10,"column":60}},"4":{"start":{"line":10,"column":25},"end":{"line":10,"column":59}},"5":{"start":{"line":12,"column":0},"end":{"line":12,"column":20}}},"fnMap":{"0":{"name":"(anonymous_1)","decl":{"start":{"line":10,"column":19},"end":{"line":10,"column":25}},"loc":{"start":{"line":10,"column":19},"end":{"line":10,"column":32}}}},"branchMap":{"0":{"loc":{"start":{"line":3,"column":18},"end":{"line":3,"column":54}},"type":"cond-expr","locations":[{"start":{"line":3,"column":42},"end":{"line":3,"column":46}},{"start":{"line":3,"column":49},"end":{"line":3,"column":54}}]},"1":{"loc":{"start":{"line":7,"column":7},"end":{"line":7,"column":49}},"type":"binary-expr","locations":[{"start":{"line":7,"column":7},"end":{"line":7,"column":16}},{"start":{"line":7,"column":20},"end":{"line":7,"column":49}}]}},"s":{"0":1,"1":1,"2":1,"3":1,"4":0,"5":1},"f":{"0":0},"b":{"0":[0,1],"1":[1,0]}}
,"/home/devonwolf/Projects/node-typescript-base/src/lib/database/setup.ts": {"path":"/home/devonwolf/Projects/node-typescript-base/src/lib/database/setup.ts","statementMap":{"0":{"start":{"line":1,"column":0},"end":{"line":1,"column":36}},"1":{"start":{"line":4,"column":14},"end":{"line":14,"column":2}},"2":{"start":{"line":4,"column":31},"end":{"line":14,"column":2}},"3":{"start":{"line":5,"column":14},"end":{"line":7,"column":null}},"4":{"start":{"line":5,"column":8},"end":{"line":7,"column":null}},"5":{"start":{"line":10,"column":4},"end":{"line":10,"column":26}},"6":{"start":{"line":12,"column":4},"end":{"line":12,"column":23}},"7":{"start":{"line":16,"column":0},"end":{"line":16,"column":21}}},"fnMap":{"0":{"name":"(anonymous_13)","decl":{"start":{"line":4,"column":14},"end":{"line":4,"column":21}},"loc":{"start":{"line":4,"column":31},"end":{"line":14,"column":2}}},"1":{"name":"(anonymous_14)","decl":{"start":{"line":4,"column":31},"end":{"line":4,"column":null}},"loc":{"start":{"line":4,"column":31},"end":{"line":14,"column":2}}}},"branchMap":{"0":{"loc":{"start":{"line":5,"column":14},"end":{"line":7,"column":null}},"type":"switch","locations":[{"start":{"line":5,"column":14},"end":{"line":7,"column":null}}]}},"s":{"0":1,"1":1,"2":2,"3":2,"4":2,"5":4,"6":2,"7":1},"f":{"0":2,"1":2},"b":{"0":[2]}}
,"/home/devonwolf/Projects/node-typescript-base/src/lib/middleware/error-handling.ts": {"path":"/home/devonwolf/Projects/node-typescript-base/src/lib/middleware/error-handling.ts","statementMap":{"0":{"start":{"line":2,"column":0},"end":{"line":2,"column":43}},"1":{"start":{"line":4,"column":27},"end":{"line":16,"column":1}},"2":{"start":{"line":9,"column":2},"end":{"line":9,"column":19}},"3":{"start":{"line":11,"column":17},"end":{"line":11,"column":34}},"4":{"start":{"line":12,"column":2},"end":{"line":15,"column":5}},"5":{"start":{"line":4,"column":13},"end":{"line":4,"column":27}},"6":{"start":{"line":18,"column":30},"end":{"line":26,"column":1}},"7":{"start":{"line":23,"column":14},"end":{"line":23,"column":43}},"8":{"start":{"line":24,"column":2},"end":{"line":24,"column":19}},"9":{"start":{"line":25,"column":2},"end":{"line":25,"column":12}},"10":{"start":{"line":18,"column":13},"end":{"line":18,"column":30}}},"fnMap":{"0":{"name":"(anonymous_0)","decl":{"start":{"line":4,"column":27},"end":{"line":4,"column":null}},"loc":{"start":{"line":7,"column":15},"end":{"line":16,"column":1}}},"1":{"name":"(anonymous_1)","decl":{"start":{"line":18,"column":30},"end":{"line":18,"column":null}},"loc":{"start":{"line":21,"column":20},"end":{"line":26,"column":1}}}},"branchMap":{"0":{"loc":{"start":{"line":11,"column":17},"end":{"line":11,"column":34}},"type":"binary-expr","locations":[{"start":{"line":11,"column":17},"end":{"line":11,"column":27}},{"start":{"line":11,"column":31},"end":{"line":11,"column":34}}]}},"s":{"0":1,"1":1,"2":0,"3":0,"4":0,"5":1,"6":1,"7":2,"8":2,"9":2,"10":1},"f":{"0":0,"1":2},"b":{"0":[0,0]}}
}
