TN:
SF:src/types.ts
FN:1,(anonymous_6)
FNF:1
FNH:1
FNDA:3,(anonymous_6)
DA:1,1
DA:3,1
LF:2
LH:2
BRF:0
BRH:0
end_of_record
TN:
SF:src/lib/app.ts
FNF:0
FNH:0
DA:1,1
DA:2,1
DA:4,1
DA:6,1
DA:7,1
DA:9,1
DA:10,1
DA:12,1
LF:8
LH:8
BRF:0
BRH:0
end_of_record
TN:
SF:src/lib/database/pool.ts
FN:10,(anonymous_1)
FNF:1
FNH:0
FNDA:0,(anonymous_1)
DA:1,1
DA:3,1
DA:5,1
DA:10,1
DA:12,1
LF:5
LH:5
BRDA:3,0,0,0
BRDA:3,0,1,1
BRDA:7,1,0,1
BRDA:7,1,1,0
BRF:4
BRH:2
end_of_record
TN:
SF:src/lib/database/setup.ts
FN:4,(anonymous_13)
FN:4,(anonymous_14)
FNF:2
FNH:2
FNDA:2,(anonymous_13)
FNDA:2,(anonymous_14)
DA:1,1
DA:4,2
DA:5,2
DA:10,4
DA:12,2
DA:16,1
LF:6
LH:6
BRDA:5,0,0,2
BRF:1
BRH:1
end_of_record
TN:
SF:src/lib/middleware/error-handling.ts
FN:4,(anonymous_0)
FN:18,(anonymous_1)
FNF:2
FNH:1
FNDA:0,(anonymous_0)
FNDA:2,(anonymous_1)
DA:2,1
DA:4,1
DA:9,0
DA:11,0
DA:12,0
DA:18,1
DA:23,2
DA:24,2
DA:25,2
LF:9
LH:6
BRDA:11,0,0,0
BRDA:11,0,1,0
BRF:2
BRH:0
end_of_record
